<?xml version="1.0" encoding="UTF-8"?>
<testsuite xmlns:xsi="http://www.w3.org/2001/XMLSchema-instance" xsi:noNamespaceSchemaLocation="https://maven.apache.org/surefire/maven-surefire-plugin/xsd/surefire-test-report-3.0.xsd" version="3.0" name="com.cwc.certificate.services.TaxSlabServiceImplTests" time="0.703" tests="1" errors="0" skipped="0" failures="0">
  <properties>
[...]
</properties>
  <testcase name="setSalaryExposeServiceTest" classname="com.cwc.certificate.services.TaxSlabServiceImplTests" time="0.041">
    <system-out><![CDATA[24-12-16 11:14:59.795 [main] INFO  o.s.t.c.s.AnnotationConfigContextLoaderUtils - Could not detect default configuration classes for test class [com.cwc.certificate.services.TaxSlabServiceImplTests]: TaxSlabServiceImplTests does not declare any static, non-private, non-final, nested classes annotated with @Configuration. 
24-12-16 11:14:59.839 [main] INFO  o.s.b.t.c.SpringBootTestContextBootstrapper - Found @SpringBootConfiguration com.cwc.certificate.CertificateApplication for test class com.cwc.certificate.services.TaxSlabServiceImplTests 
]]></system-out>
  </testcase>
</testsuite>